<?xml version="1.0" encoding="UTF-8"?>
<testng-results ignored="0" total="1" passed="1" failed="0" skipped="0">
  <reporter-output>
  </reporter-output>
  <suite started-at="2019-10-23T12:06:21Z" name="Default suite" finished-at="2019-10-23T12:06:26Z" duration-ms="5121">
    <groups>
    </groups>
    <test started-at="2019-10-23T12:06:21Z" name="Default test" finished-at="2019-10-23T12:06:26Z" duration-ms="5121">
      <class name="RestAssured.RestAssured.TC002_POST_REQUEST">
        <test-method signature="register_successful()[pri:0, instance:RestAssured.RestAssured.TC002_POST_REQUEST@5d47c63f]" started-at="2019-10-23T12:06:21Z" name="register_successful" finished-at="2019-10-23T12:06:26Z" duration-ms="5102" status="PASS">
          <reporter-output>
          </reporter-output>
        </test-method> <!-- register_successful -->
      </class> <!-- RestAssured.RestAssured.TC002_POST_REQUEST -->
    </test> <!-- Default test -->
  </suite> <!-- Default suite -->
</testng-results>
